This is pdfTeX, Version 3.1415926-2.3-1.40.12 (MiKTeX 2.9) (preloaded format=pdflatex 2017.8.3)  11 JAN 2019 20:42
entering extended mode
**v2-acmtog-sample.tex
(C:\Users\dell\Desktop\algorithm_report\v2-acmtog-sample.tex
LaTeX2e <2011/06/27>
Babel <v3.8m> and hyphenation patterns for loaded.
(C:\Users\dell\Desktop\algorithm_report\acmtog.cls
Document Class: acmtog 2012/03/07
(C:\CTEX\MiKTeX\tex\latex\base\latexsym.sty
Package: latexsym 1998/08/17 v2.2e Standard LaTeX package (lasy symbols)
\symlasy=\mathgroup4
LaTeX Font Info:    Overwriting symbol font `lasy' in version `bold'
(Font)                  U/lasy/m/n --> U/lasy/b/n on input line 47.
)
(C:\Users\dell\Desktop\algorithm_report\url.sty
\Urlmuskip=\muskip10
Package: url 2006/04/12  ver 3.3  Verb mode for urls, etc.
)
\trimheight=\dimen102
\trimwidth=\dimen103
\typeheight=\dimen104
\typewidth=\dimen105
\normaltextheight=\dimen106
\blindfoliodrop=\dimen107
\tempbox=\box26
\tempdimen=\dimen108
\normaltextheight=\dimen109
\c@secnumbookdepth=\count79
\c@theorem=\count80
\c@strategy=\count81
\c@property=\count82
\c@proposition=\count83
\c@exam=\count84
\c@part=\count85
\c@section=\count86
\c@subsection=\count87
\c@subsubsection=\count88
\c@paragraph=\count89
\c@figure=\count90
\c@table=\count91
\belowcaptionskip=\skip41
\tbbox=\box27
\tabledim=\dimen110
\@narrowfig=\dimen111
\@nfigbox=\box28
\@nfcapbox=\box29
\@abstract=\box30
\@terms=\box31
\@keywords=\box32
\bibindent=\dimen112
LaTeX Info: Redefining \cal on input line 1053.

(C:\CTEX\MiKTeX\tex\latex\psnfss\times.sty
Package: times 2005/04/12 PSNFSS-v9.2a (SPQR) 
)
(C:\CTEX\MiKTeX\tex\latex\tools\bm.sty
Package: bm 2004/02/26 v1.1c Bold Symbol Support (DPC/FMi)
\symboldoperators=\mathgroup5
\symboldletters=\mathgroup6
\symboldsymbols=\mathgroup7
\symboldlasy=\mathgroup8
LaTeX Font Info:    Redeclaring math alphabet \mathbf on input line 138.
LaTeX Info: Redefining \bm on input line 204.
)
(C:\CTEX\MiKTeX\tex\latex\graphics\graphicx.sty
Package: graphicx 1999/02/16 v1.0f Enhanced LaTeX Graphics (DPC,SPQR)

(C:\CTEX\MiKTeX\tex\latex\graphics\keyval.sty
Package: keyval 1999/03/16 v1.13 key=value parser (DPC)
\KV@toks@=\toks14
)
(C:\CTEX\MiKTeX\tex\latex\graphics\graphics.sty
Package: graphics 2009/02/05 v1.0o Standard LaTeX Graphics (DPC,SPQR)

(C:\CTEX\MiKTeX\tex\latex\graphics\trig.sty
Package: trig 1999/03/16 v1.09 sin cos tan (DPC)
)
(C:\CTEX\MiKTeX\tex\latex\00miktex\graphics.cfg
File: graphics.cfg 2007/01/18 v1.5 graphics configuration of teTeX/TeXLive
)
Package graphics Info: Driver file: pdftex.def on input line 91.

(C:\CTEX\MiKTeX\tex\latex\pdftex-def\pdftex.def
File: pdftex.def 2011/05/27 v0.06d Graphics/color for pdfTeX

(C:\CTEX\MiKTeX\tex\generic\oberdiek\infwarerr.sty
Package: infwarerr 2010/04/08 v1.3 Providing info/warning/message (HO)
)
(C:\CTEX\MiKTeX\tex\generic\oberdiek\ltxcmds.sty
Package: ltxcmds 2011/04/18 v1.20 LaTeX kernel commands for general use (HO)
)
\Gread@gobject=\count92
))
\Gin@req@height=\dimen113
\Gin@req@width=\dimen114
))
(C:\CTEX\MiKTeX\tex\latex\float\float.sty
Package: float 2001/11/08 v1.3d Float enhancements (AL)
\c@float@type=\count93
\float@exts=\toks15
\float@box=\box33
\@float@everytoks=\toks16
\@floatcapt=\box34
)
(C:\CTEX\MiKTeX\tex\latex\sttools\stfloats.sty
Package: stfloats 1999/10/22
\@dblbotnum=\count94
\c@dblbotnumber=\count95
)
(C:\CTEX\MiKTeX\tex\latex\diagbox\diagbox.sty
Package: diagbox 2011/11/23 v2.0 Making table heads with diagonal lines

(C:\CTEX\MiKTeX\tex\latex\pict2e\pict2e.sty
Package: pict2e 2011/04/05 v0.2y Improved picture commands (HjG,RN,JT)

(C:\CTEX\MiKTeX\tex\latex\00miktex\pict2e.cfg
File: pict2e.cfg 2005/12/29 v1.0 MiKTeX 'pict2e' configuration
)
Package pict2e Info: Driver file: pdftex.def on input line 119.
Package pict2e Info: Driver file for pict2e: p2e-pdftex.def on input line 121.

(C:\CTEX\MiKTeX\tex\latex\pict2e\p2e-pdftex.def
File: p2e-pdftex.def 2011/04/05 v0.1t Driver-dependant file (RN,HjG,JT)
)
\pIIe@GRAPH=\toks17
\@arclen=\dimen115
\@arcrad=\dimen116
\@tempdimd=\dimen117
)
(C:\CTEX\MiKTeX\tex\latex\fp\fp.sty
Package: fp 1995/04/02

`Fixed Point Package', Version 0.8, April 2, 1995 (C) Michael Mehlich
(C:\CTEX\MiKTeX\tex\latex\fp\defpattern.sty
Package: defpattern 1994/10/12
\actioncount=\count96
)
(C:\CTEX\MiKTeX\tex\latex\fp\fp-basic.sty
Package: fp-basic 1996/05/13
\FP@xs=\count97
\FP@xia=\count98
\FP@xib=\count99
\FP@xfa=\count100
\FP@xfb=\count101
\FP@rega=\count102
\FP@regb=\count103
\FP@regs=\count104
\FP@times=\count105
)
(C:\CTEX\MiKTeX\tex\latex\fp\fp-addons.sty
Package: fp-addons 1995/03/15
)
(C:\CTEX\MiKTeX\tex\latex\fp\fp-snap.sty
Package: fp-snap 1995/04/05
)
(C:\CTEX\MiKTeX\tex\latex\fp\fp-exp.sty
Package: fp-exp 1995/04/03
)
(C:\CTEX\MiKTeX\tex\latex\fp\fp-trigo.sty
Package: fp-trigo 1995/04/14
)
(C:\CTEX\MiKTeX\tex\latex\fp\fp-pas.sty
Package: fp-pas 1994/08/29
)
(C:\CTEX\MiKTeX\tex\latex\fp\fp-random.sty
Package: fp-random 1995/02/23
\FPseed=\count106
)
(C:\CTEX\MiKTeX\tex\latex\fp\fp-eqn.sty
Package: fp-eqn 1995/04/03
)
(C:\CTEX\MiKTeX\tex\latex\fp\fp-upn.sty
Package: fp-upn 1996/10/21
)
(C:\CTEX\MiKTeX\tex\latex\fp\fp-eval.sty
Package: fp-eval 1995/04/03
))
\diagbox@boxa=\box35
\diagbox@boxb=\box36
\diagbox@boxm=\box37
\diagbox@wd=\dimen118
\diagbox@ht=\dimen119
\diagbox@sepl=\dimen120
\diagbox@sepr=\dimen121
)
(C:\Users\dell\Desktop\algorithm_report\v2-acmtog-sample.aux)
LaTeX Font Info:    Checking defaults for OML/cmm/m/it on input line 13.
LaTeX Font Info:    ... okay on input line 13.
LaTeX Font Info:    Checking defaults for T1/cmr/m/n on input line 13.
LaTeX Font Info:    ... okay on input line 13.
LaTeX Font Info:    Checking defaults for OT1/cmr/m/n on input line 13.
LaTeX Font Info:    ... okay on input line 13.
LaTeX Font Info:    Checking defaults for OMS/cmsy/m/n on input line 13.
LaTeX Font Info:    ... okay on input line 13.
LaTeX Font Info:    Checking defaults for OMX/cmex/m/n on input line 13.
LaTeX Font Info:    ... okay on input line 13.
LaTeX Font Info:    Checking defaults for U/cmr/m/n on input line 13.
LaTeX Font Info:    ... okay on input line 13.
LaTeX Font Info:    Try loading font information for OT1+ptm on input line 13.

(C:\CTEX\MiKTeX\tex\latex\psnfss\ot1ptm.fd
File: ot1ptm.fd 2001/06/04 font definitions for OT1/ptm.
)
\bibhang=\skip42

(C:\CTEX\MiKTeX\tex\context\base\supp-pdf.mkii
[Loading MPS to PDF converter (version 2006.09.02).]
\scratchcounter=\count107
\scratchdimen=\dimen122
\scratchbox=\box38
\nofMPsegments=\count108
\nofMParguments=\count109
\everyMPshowfont=\toks18
\MPscratchCnt=\count110
\MPscratchDim=\dimen123
\MPnumerator=\count111
\makeMPintoPDFobject=\count112
\everyMPtoPDFconversion=\toks19
)
LaTeX Font Info:    Try loading font information for OT1+phv on input line 22.
 (C:\CTEX\MiKTeX\tex\latex\psnfss\ot1phv.fd
File: ot1phv.fd 2001/06/04 scalable font definitions for OT1/phv.
)
LaTeX Font Info:    External font `cmex10' loaded for size
(Font)              <17.28> on input line 22.
LaTeX Font Info:    External font `cmex10' loaded for size
(Font)              <12> on input line 22.
LaTeX Font Info:    Try loading font information for U+lasy on input line 22.

(C:\CTEX\MiKTeX\tex\latex\base\ulasy.fd
File: ulasy.fd 1998/08/17 v2.2e LaTeX symbol font definitions
)
LaTeX Font Info:    Font shape `OT1/ptm/bx/n' in size <9> not available
(Font)              Font shape `OT1/ptm/b/n' tried instead on input line 24.

<an.png, id=1, 399.29175pt x 399.29175pt>
File: an.png Graphic file (type png)
 <use an.png>
Package pdftex.def Info: an.png used on input line 33.
(pdftex.def)             Requested size: 167.99927pt x 167.99992pt.
LaTeX Font Info:    External font `cmex10' loaded for size
(Font)              <8> on input line 34.
LaTeX Font Info:    External font `cmex10' loaded for size
(Font)              <6> on input line 34.
LaTeX Font Info:    External font `cmex10' loaded for size
(Font)              <5> on input line 34.
LaTeX Font Info:    Font shape `U/lasy/b/n' in size <8> not available
(Font)              Font shape `U/lasy/m/n' tried instead on input line 34.
LaTeX Font Info:    Font shape `U/lasy/b/n' in size <6> not available
(Font)              Font shape `U/lasy/m/n' tried instead on input line 34.
LaTeX Font Info:    Font shape `U/lasy/b/n' in size <5> not available
(Font)              Font shape `U/lasy/m/n' tried instead on input line 34.
LaTeX Font Info:    External font `cmex10' loaded for size
(Font)              <9> on input line 40.
LaTeX Font Info:    Font shape `U/lasy/b/n' in size <9> not available
(Font)              Font shape `U/lasy/m/n' tried instead on input line 40.

<mp.jpg, id=3, 367.3725pt x 269.005pt>
File: mp.jpg Graphic file (type jpg)
 <use mp.jpg>
Package pdftex.def Info: mp.jpg used on input line 49.
(pdftex.def)             Requested size: 167.99927pt x 123.01726pt.
 [1{C:/CTEX/UserData/pdftex/config/pdftex.map{Unicode.sfd}{UGBK.sfd}}
Non-PDF special ignored!


 <C:/Users/dell/Desktop/algorithm_report/an.png>]
<rw.png, id=19, 721.94719pt x 496.85625pt>
File: rw.png Graphic file (type png)
 <use rw.png>
Package pdftex.def Info: rw.png used on input line 59.
(pdftex.def)             Requested size: 167.99927pt x 115.61644pt.

<alg.png, id=20, 227.04825pt x 316.18124pt>
File: alg.png Graphic file (type png)
 <use alg.png>
Package pdftex.def Info: alg.png used on input line 71.
(pdftex.def)             Requested size: 240.0pt x 334.21455pt.
LaTeX Font Info:    External font `cmex10' loaded for size
(Font)              <7> on input line 80.
LaTeX Font Info:    Font shape `U/lasy/b/n' in size <7> not available
(Font)              Font shape `U/lasy/m/n' tried instead on input line 80.

Overfull \vbox (0.50241pt too high) has occurred while \output is active []


[2 <C:/Users/dell/Desktop/algorithm_report/mp.jpg (PNG copy)> <C:/Users/dell/De
sktop/algorithm_report/rw.png> <C:/Users/dell/Desktop/algorithm_report/alg.png>
]
Overfull \hbox (4.6754pt too wide) detected at line 96
\OML/cmm/m/it/9 p\OT1/cmr/m/n/9 (\OML/cmm/m/it/9 v[]\OMS/cmsy/m/n/9 j\OML/cmm/m
/it/9 v[]; P\OT1/cmr/m/n/9 ) = []
 []

<ve.png, id=25, 988.44281pt x 327.47343pt>
File: ve.png Graphic file (type png)
 <use ve.png>
Package pdftex.def Info: ve.png used on input line 105.
(pdftex.def)             Requested size: 504.0pt x 166.97426pt.

Overfull \vbox (0.57443pt too high) has occurred while \output is active []


[3]
Overfull \vbox (0.50241pt too high) has occurred while \output is active []


[4 <C:/Users/dell/Desktop/algorithm_report/ve.png>]
(C:\Users\dell\Desktop\algorithm_report\v2-acmtog-sample.bbl
Underfull \hbox (badness 3058) in paragraph at lines 85--91
[]\OT1/ptm/m/n/8 Wikipedia. 2018.  Ran-dom walk.  (De-cem-ber 2018).   http-
 []


Underfull \hbox (badness 3849) in paragraph at lines 95--101
[]\OT1/ptm/m/n/8 Wikipedia. 2019.  So-cial net-work.  (Jan-uary 2019).   http-
 []

)
Overfull \vbox (0.57443pt too high) has occurred while \output is active []


[5

] (C:\Users\dell\Desktop\algorithm_report\v2-acmtog-sample.aux) ) 
Here is how much of TeX's memory you used:
 2651 strings out of 495354
 31383 string characters out of 3183860
 115606 words of memory out of 3000000
 5744 multiletter control sequences out of 15000+200000
 35560 words of font info for 89 fonts, out of 3000000 for 9000
 14 hyphenation exceptions out of 8191
 34i,16n,21p,1210b,313s stack positions out of 5000i,500n,10000p,200000b,50000s
{C:/CTEX/MiKTe
X/fonts/enc/dvips/fontname/8r.enc}<C:/CTEX/MiKTeX/fonts/type1/public/amsfonts/c
m/cmex10.pfb><C:/CTEX/MiKTeX/fonts/type1/public/amsfonts/cm/cmmi5.pfb><C:/CTEX/
MiKTeX/fonts/type1/public/amsfonts/cm/cmmi6.pfb><C:/CTEX/MiKTeX/fonts/type1/pub
lic/amsfonts/cm/cmmi8.pfb><C:/CTEX/MiKTeX/fonts/type1/public/amsfonts/cm/cmmi9.
pfb><C:/CTEX/MiKTeX/fonts/type1/public/amsfonts/cm/cmr5.pfb><C:/CTEX/MiKTeX/fon
ts/type1/public/amsfonts/cm/cmr6.pfb><C:/CTEX/MiKTeX/fonts/type1/public/amsfont
s/cm/cmr9.pfb><C:/CTEX/MiKTeX/fonts/type1/public/amsfonts/cm/cmsy10.pfb><C:/CTE
X/MiKTeX/fonts/type1/urw/helvetic/uhvr8a.pfb><C:/CTEX/MiKTeX/fonts/type1/urw/ti
mes/utmb8a.pfb><C:/CTEX/MiKTeX/fonts/type1/urw/times/utmr8a.pfb><C:/CTEX/MiKTeX
/fonts/type1/urw/times/utmri8a.pfb>
Output written on v2-acmtog-sample.pdf (5 pages, 756258 bytes).
PDF statistics:
 79 PDF objects out of 1000 (max. 8388607)
 0 named destinations out of 1000 (max. 500000)
 26 words of extra memory for PDF output out of 10000 (max. 10000000)

